Ea8n4/pFSU/1ETtO+13mhK6T4ly3zXh84M/wHn4GV9iqgiQ+IRBtj1WPH1vvZuoT2reVFRwKQw3n8yUYT5+q3W3tQKdrJIyG93tdYVkx1is/ZiZLCCI8ESyzOg==
wAp3jahlF2TsB/Onh8B3hV9SeMo5/XvJ/fhQFJz1aTc10M4eXaEUGQcsNXehjnBAJH7r8i+0XdUBbq6B/Z1G5yM1syU=
NFhTnXVP49AtKdtUxF/MaDHb8bL+/Mswbd7oN4lCQG2OXx86QWXL7eyiz1JOUx/hXfNvIDYx074aBQcIcn+n2Ls2UDQGeHVjiKFTHX7bVdw2/0ma4x3nyWhXgZaYNzbaAm0SswQ=
E2AGl8PI5uJIJkOyZpKxxWI2x1tY2P/IsriUtQ/Ptb4hQvig0BBfhcImr7WviNUbWfqgH+k6qj53YC0paYqOrcWpVvsrMbMp
cHJ7pMyCFYjrkbAckacAATcfyq8TXjQvgJS/DPpExGG3Y1Xayd5IFEic3wFKmj8hV+R1v/Em0Oux9mp6vxz9fVGm7kmttWbPMz2zLQ==
8pZb1fwr3zFrz7aNrO5YrDc0+aIKRiQvgJS/DPpExGG3Y1Xayd5IFEic3wFKmj8hV+R1v/Em0Oux9mp6vxz9fVGm7kmttWbPMz2zLQ==
4AjcIKVFtf2ltrlie2nY1kWC1+VJIQmkp0CwOgFPf2z9WOY17t1BN0/8uyJ5f6Ls89N25TkNdL9nFJRrwzqpycXBWrPLxnKzRHLAOTizLg==
0k5dgopiZj9P2pag+C8N2EWB1+VJIQmkp0CwOgFPf2z9WOY17t1BN0/8uyJ5f6Ls89N25TkNdL9nFJRrwzqpycXBWrPLxnKzRHLAOTizLg==
jL01z0YjHrB4MqB5u8OLQAnt1l5ofoOuqnBVCO5ZVK7f8uZ23GezaUU0pfxgQrzGn982SIeHs47FMX2kWF0ljMrE4+6lu5XsPmeBVw7ZByezMw==
VIc4GrerFMylyUiD9jzwEzcHxq8KSCsvgJS/DPpExGG3Y1Xayd5IFEic3wFKmj8hV+R1v/Em0Oux9mp6vxz9fVGm7kmttWbPMz2zLQ==
eIccQostx0bcVsy24AypOjcFzK8PRjUvgJS/DPpExGG3Y1Xayd5IFEic3wFKmj8hV+R1v/Em0Oux9mp6vxz9fVGm7kmttWbPMz2zLQ==
RLWTfM4oTD86ZXTCBh+xM2qTl68OJLTkggo3OC6Gn68h0CMgOImwLR+LkYRlnie//NAtq6jZZ/0qg7lsSled2rf127lEj9U2bI9aCt4FJrMw
RLEYf1lLfN2t44YQjFosjB414cN4cPzyRY87JDEoOo1KPSWv82w3qv3/JmR/Q8p93W3QBzvk2KMHem2BCfEGS6/mVqu4YswxPLMq
t9m0VtzcZie/TaNopgchPDcZ/j0XlriG4amLtRWc8LgkQfmrvVROksU1pKWviNUbWfqgH+k6qj53YC0paYqOrcWpVvsrMbMp
xRA6liM5PJJyh/nbmHXttTcZ/j0XlriG4a2JuxWc8LgkQfmrvVROksU1pKWviNUbWfqgH+k6qj53YC0paYqOrcWpVvsrMbMp
U+bEbfbaxxO05iK0wThqkLw4MyMAZCkOMJwHXdv6z1QTM6c1L7Pc+mHhMx1em7VcVj9pmgNdR0nIF2GWuPeWWuItMrMk
Dh4WJxWWXu0M7G4TMc/EdWlV7zqPXRlaUVX3IFaRGc274h323YqJ5FVgWBYG0s2ur5H4Sr6cXqVPL8xrLJ32x9fZaKZVfUO7vDrulYHNLK9vNOzbK7oGOfyhUqOThooDzNIYaRCzBg==
2yRxjV/kGUJ3mqj3j3A8s1ERc8gl73rb7OgTBIOgaT0OkclOUb8eDAcsNXehjnBAIX7q9S+1XdUBbq6B/Z1G5yM1syU=
qOPTtEr/7vvcxlRJHlRTKMb0EE7P80TNda34FzPEhHKf+vJRUBEOW8cmPlswgrTBRLNS
aH6gpMjkIOLPAhjAl7oLGdOBghsOheplNQnPPVmP/tJc0XvdFksd/Mqu8Rqczd6poMcpVvAH/rqa3UqzXA==
H1kv5njqZQmbDXMSJFlHN86bGUTEjew5lD9hhT8zAyYFWY3cuAH0JEprszfFQ+UEfs8x766B10+zWw==
4RKn9S1vF7w7sHX8kJ83vQ9ocypTe2IjVvLbpkRYN/T6vPJWIe/fNxF6dsy/txlihfHSPUYt5c7awDgQt1nDRgV5zXw44bQESktzV0XjJSR+L3EPLiEXL7M7
hH80W8YIzY+7R1NotHg1PnE5hw7avZbh/6HWdFc83NaDhkoqbvzJUbuV8RzaNgfZzbDVRy53DvMhjJoGdEpvl7d09S+RlhCfkOZqbZ9tPc0xNm7ZTQUmPxMtsz0=
vgbSRMdf3r/6IMCfmfXCd94FkHJIkGoXpLFmFjWV/5iLRUkCE5S3hYRlwqHt6EUzNJvvDW5ETPLWT6t6Z1apS+qRm902i718qm7RGnyNfinAB0lW0EceOjodKrM8
4eLQfsskLDJIakj6NcqdzB2iMiDslr8BbTDp4aNSWVD1zVaxqIEH/Fc7Np/lHQRgrtqEm2E6rYL74wg18U28Dz/0OPo7uhZZrGGCwwMGOmN8EigJILM2
