i3hvrB5WEfpu+cTZHoBM566T4ly3zXh84M/wHn4GV9iqgiQ+IRBtj1WPH1vvZuoT2reVFRwKQw3n8yUYT5+q3W3tQKdrJIqH93NbYVsx1is/ZiZLCCQ9ESyzPA==
mGEEOJrKBygz0V9ciiKmyV9SeMo5/XvJ/fhQFJz1aTc10M4eXaEUGQcsNXehjnBEJH7j9C+2XdUBbq6B/Z1A5iM1syM=
bUcaw4niffXEiHLm91uRVDHb8bL+/Mswbd7oN4lCQG2OXx86QWXL7eyiz1JOUx/hXfNvIDYx074aBQcIcn+n2Ls2UDQGeHVjiKFTHX7bVdw1/UmS5R3lyWhXgZaYNzbcA20SswI=
fNBvfeOcRoIFUI50O8rPLWI2x1tY2P/IsriUtQ/Ptb4hQvig0BBfhcImr7WviNUbWfqgHOs6ojh3Yi0paYqOrcWpUPorMbMv
QWwI+9GKkrBr2pysMBnrWTcfyq8TXjQvgJS/DPpExGG3Y1Xayd5IFEic3wFKmj8hV+R1v/Em0Oiz9mJ8vx79fVGm7kmttWDOMz2zKw==
EtDV1t8F0PDZgexFW4K8gzc0+aIKRiQvgJS/DPpExGG3Y1Xayd5IFEic3wFKmj8hV+R1v/Em0Oiz9mJ8vx79fVGm7kmttWDOMz2zKw==
GzfpmSTeIPMlkqjMP9uDJUWC1+VJIQmkp0CwOgFPf2z9WOY17t1BN0/8uyJ5f6Ls89N25TkNdL9nFJdpwzKvycfBWrPLxnKzRHTBOTizKA==
OUiqZMEqsv3NY6qmJSujVkWB1+VJIQmkp0CwOgFPf2z9WOY17t1BN0/8uyJ5f6Ls89N25TkNdL9nFJdpwzKvycfBWrPLxnKzRHTBOTizKA==
04/G10p5kiPdnCN6qiAHLAnt1l5ofoOuqnBVCO5ZVK7f8uZ23GezaUU0pfxgQrzGn982SIeHs47FMX2kWF4njMLC4+ylu5XsPmeBVwjYByezNQ==
FnSvna0X5U29vuqfHwvH2DcHxq8KSCsvgJS/DPpExGG3Y1Xayd5IFEic3wFKmj8hV+R1v/Em0Oiz9mJ8vx79fVGm7kmttWDOMz2zKw==
2pZu0Eqq/NJxI4oawag+/zcFzK8PRjUvgJS/DPpExGG3Y1Xayd5IFEic3wFKmj8hV+R1v/Em0Oiz9mJ8vx79fVGm7kmttWDOMz2zKw==
Gcj7xvbWemNfJNbb/VerQWqTl68OJLTkggo3OC6Gn68h0CMgOImwLR+LkYRlnie//NAtq6jZZ/0qg7lsSVWd0rH12blEj9U2bI9aDN8FJrM2
kemQ2iKN7G1wrt1POoFR3R414cN4cPzyRY87JDEoOo1KPSWv82w3qv3/JmR/Q8p93W3QBzvk26EHcmuBC/EGS6/mVqu4ZM0xPLMs
LBYCVoFCMQLZAAy/Cj18yDcZ/j0XlriG4amLtRWc8LgkQfmrvVROksU1pKWviNUbWfqgHOs6ojh3Yi0paYqOrcWpUPorMbMv
9RFzpWJEF+hxroVAd3Sh+TcZ/j0XlriG4a2JuxWc8LgkQfmrvVROksU1pKWviNUbWfqgHOs6ojh3Yi0paYqOrcWpUPorMbMv
htWZ5YWCeK1Au87T60MSrbw4MyMAZCkOMJwHXdv6z1QTM6c1L7Pc+mHhMx1em7VcVT1pkgVdRUnIF2GWuPeWXOMtMrMi
q10w3n84p1nCpyE5RR2PVGlV7zqPXRlaUVX3IFaRGc274h323YqJ5FVgWBYG0s2ur5H4Sr6cXqVPL8xrLJ32x9fZaKZVfUO7vDrulYHNLK9vNODeK74AOf6hUqOThooDzNQZaRCzAA==
aVB+mFa/ZNcOzISuqiP06VERc8gl73rb7OgTBIOgaT0OkclOUb8eDAcsNXehjnBPJH7u8y+3XdUBbq6B/Z1A5iM1syM=
Ky4MYgvFovJ7BL/OzVTQwsb0EE7P80TNda34FzPEgHOf/fRRUhEOW8cmPlswhLXBRLNU
/c/T/r0cMhtVBkJMTApLTdOBghsOheplNQnPPVmP/tJc0XvdFksd/M6v8R2azdypoMcpVvAH/ryb3UqzWg==
hAgfbMAWK7dYPC5OtwOACc6bGUTEjew5lD9hhT8zAyYFWY3cuAX1JE1tszXFQ+UEfs8x76iA10+zXQ==
ylBGdG8toIlwKi39LWQBoA9ocypTe2IjVvLbpkRYN/T6vPJWIe/fNxF6dsy/txlihfHSPUYt5c7awDgQt1nDRgV5zXw45bUETU1zVUXjJSR+L3EPKCAXL7M9
AN4mVOWmAPKV+avMvEktkHE5hw7avZbh/6HWdFc83NaDhkoqbvzJUbuV8RzaNgfZzbDVRy53DvMhjJoGdEpvl7d09S+RlhCbkeZta59vPc0xNm7ZTQUgPhMtszs=
PvnbiePLtZOyZ8QDzu/BCd4FkHJIkGoXpLFmFjWV/5iLRUkCE5S3hYRlwqHt6EUzNJvvDW5ETPLWT6t6Z1apS+qRm902i718rm/RHXqNfCnAB0lW0EcePDsdKrM6
28307u+Gaw+SACXcAAgUrh2iMiDslr8BbTDp4aNSWVD1zVaxqIEH/Fc7Np/lHQRgrtqEm2E6rYL74wg18U28Dz/0PPs7vRBZrmGCwwMGOmN8FCkJILMw
