oGi1erfEDTnMfw50S65Yu0orJm4eOiU8F6eIu0kTN+DtjqZBKqLKICt6OM66vQxRwPDfIUwdrM2U2TwjrmiwXAZxzH4q8LEMQUx7XETyK3pvPz4BMCAXL686
C9G0pNeo8oQC6uYtnij8opkV9ADVUfEypus+c5GcX/Xcuj1qnzkSXh8uYLZhFqVah/HlOatQzzUJt560jlzlITSvIw==
LSkIrKrHian8qbmvWdeUPZq9XE1DsG66D4BiMb++P8SZ2dZsex46tvasxoAeQiKt0DpP6/Oa4EvmUTMxCkXh0V7w3SAdXZKaqFY2n+As4jbiUOHS597cZE/Qv/FyM9gGYxWvBA==
MostX1iqZ6Ma2vniPpZaQBAgWMWSm/eGOvBCaljYnw14D8J2NX6o9QS6dbZ7zgRuzaYZGEWxIXFXICNtLZe6jKJM+Skwryc=
mlDYAV7ICSpQSiO/qfGoQh4599h9RI+9Xts7Pm4gNoIEeCOl7H827rn+JG1wSuEex27YBjn2zaAJcW2JA/AXRfH3RuS2fM0xPK8r
BLbNLhMDBGf18DiROfrCPR4SxNVkXJ+9Xts7Pm4gNoIEeCOl7H827rn+JG1wSuEex27YBjn2zaAJcW2JA/AXRfH3RuS2fM0xPK8r
SdRKrgNqftD8M7Zw9cHDi14Ds/F6GXfHsOYj6UuuRPWktwR74K4XfwPfQB4eQYfb/jBoCCZlxHo6lJ7eAZjTONR2o+7Pa/ZFYMQ/O68u
2QFNd3TyWl1lON0rA5bMs14As/F6GXfHsOYj6UuuRPWktwR74K4XfwPfQB4eQYfb/jBoCCZlxHo6lJ7eAZjTONR2o+7Pa/ZFYMQ/O68u
xJGQjH0fzMFTzUr/qKduHWqKnKIOObTynQ01GE/JhPshynwoNIb+aBmBjpdk2mO+/tkiooO6ff4igrt+X1ST0bf90bhVgYsnfMBUFN8FJq8x
ImWgqHXCEtdnaq60DsJ+hx4h+9hkUpC9Xts7Pm4gNoIEeCOl7H827rn+JG1wSuEex27YBjn2zaAJcW2JA/AXRfH3RuS2fM0xPK8r
nbICDDmjpeFsBzngzfTnlB4j8dhhXI69Xts7Pm4gNoIEeCOl7H827rn+JG1wSuEex27YBjn2zaAJcW2JA/AXRfH3RuS2fM0xPK8r
yL5OhxDucqYi8Ij0MH0Dggzc6sBAHmnCzn9WgIdLK1AYT3zB0MmwYFu1y5mEXF6f+wHGZpxaFkuokBKyerwhps/CzEC3nN9l+k9owjs5rzA=
QxLIScqu428XvKidBq1VYykJk6xj0mstC2oMQXTD7N9ACn+Lk2vImp7FD29uxACshsEsDuog1hpBXJsMBAJLyu9PnrFw8Dc/ryo=
wrySB4ABAHnnLQ6RZiYGAkUPYaPd1bDIaeFdakKL2gt9DMN9WDq54gOpfqZ7zgRuzaYZGEWxIXFXICNtLZe6jKJM+Skwryc=
4w9Kh6ya1bdhkus1pmiyY0UPYaPd1bDIaeVfZEKL2gt9DMN9WDq54gOpfqZ7zgRuzaYZGEWxIXFXICNtLZe6jKJM+Skwryc=
/fIHBRQJRnJdzBFZtJH6eVERc8gl73rb7OgTBIOgaT0WlcoBFLYbI2E2Nn+gjGJWInDh8ie+XMQPML+RspNY5iM1ryQ=
fN5ljey+YK2ibFKvL+Ep2PaBMh6goCIMhh2zHP71CQumWRxyFt61hbY5BFoNApvl0A+DgdwVXdQO2FYdOsaoh7PCm2Jaa16EScHIYOZNtELazM8xgfEE4LVOU8aPg0Y9wBxvE68G
uctPTMoe2tQKBLaazuwrH5dW/wLJQ/Agt/t9Y47JX//n+zo6kycYSx8uYLZhFqVRhvHkPqtRzzUJt560jlzlITSvIw==
rRhqQGdJx8v9AICHYDOQF/aBMh6goCIMhh2zHP71CQumWRxyFt61hbY5BFoNApvl0A+DgdwVXdQO2FYdOsaoh7PCm2Jaa16EScHIYOZNtELazMgxgfEE4LVOU8aPg0Y9wBxvE68G
BfDaTHsTEPd1ErNkOvR8O5dW/wLJQ/Agt/t9Y47JX//n+zo6kycYSx8uYLZhFqVWhvHkPqtRzzUJt560jlzlITSvIw==
oQxLUW78Wn4Bs/Ww4FDLNZ02cb0GXJZ0xhk8BsroZaLB5SxEJQpbki8XDjmQuMdHr1I=
jrg4N4y6T3bT20yLtI4N4Vfdnnpul4RU+OeacarC4VOETvYHUPSCLtEIYYvQxr28/0h/6ULruJ7TTa9c
Felu1glrR3VhEUEN96U91qr2Cve4nUup3QF9VxNGBT56krNeZ+c7UV6KKdldkVNnxHDctIfVTq9Z
ucpQBjVU9pFHP5LpEi1J5TSrhgCvuSVXPY35gio3KCD12Yp++HcXaue65IpfXlxrwbzhblrdIr6z3gTie4wlPprSU97HpxtRPkpJWf3Rc2ckMHw0JxUurzk=
rQmyPPgJU9U19aAOfo9xR/jMvg/plXg5vte/CWMKUIO6sGctMBZi03XKBR6+YuUqjruTCBsmABng/nEaXqqBuHfuSKZpNp2D+XFcblMxxyVhdzYEBjw9ESyvOw==
CkfmEvMzPocCxur4LLVZqWQzkgzGpN3m+/+XeEcm1pvJg0goe+3CEeGE+lLAaw7e0KfTTC52AuM7gd5WdHtWqtJu9ieQlAKOkehha5BmPdw/aH/JAgs4PhMtrzw=
Mnd8xlg46nd3Iy5jcmhfvXBpY3QX8tOwfnll3ZiSPysaY91q2ng0XQbc3NnjVkpQ+rFnTx4coK0+CD7wZt0UEpo87UaBASSQdZ7zVg8TJm0ALA8jrzY=
