r/cj/WJxljYx21lBE8U4xEorJm4eOiU8F6eIu0kTN+DtjqZBKqLKICt6OM66vQxRwPDfIUwdrM2U2TwjrmiwXAZxzH4q8LIMQUp7XEfyK3pvPz4BMCEXL7M9
ipYXsdbe/Pkjw9fIUgNH7JkV9ADVUfEypus+c5GcX/Xcuj1qnzkSXh8uYLZhFqVRhvHjOatTzzUJt560jlzkITSzJA==
zE1C4Mifj3Am3P/aAHpzcZq9XE1DsG66D4BiMb++P8SZ2dZsex46tvasxoAeQiKt0DpP6/Oa4EvmUTMxCkXh0V7w3SAdXZKaqFY2n+As4jbjUOHU597fZE/Qv/FyM9gHYxWzAw==
wRdQxt6AJZVc7R0XCEVtUxAgWMWSm/eGOvBCaljYnw14D8J2NX6o9QS6dbZ7zgRuzaYZGUWxJ3FXIyNtLZe6jKJM+CkwsyA=
fl1P1KIvvSZ7JkZ8pxevDh4599h9RI+9Xts7Pm4gNoIEeCOl7H827rn+JG1wSuEex27YBjn2zaEJcWuJA/MXRfH3RuS2fMwxPLMs
fWFCERB4hhEum/N3XZwbwR4SxNVkXJ+9Xts7Pm4gNoIEeCOl7H827rn+JG1wSuEex27YBjn2zaEJcWuJA/MXRfH3RuS2fMwxPLMs
HdbXYmoiPAaC+8lGnYCCXV4Ds/F6GXfHsOYj6UuuRPWktwR74K4XfwPfQB4eQYfb/jBoCCZlxHo6lJ/eAZ7TONd2o+7Pa/ZFYMU/O7Mp
Bf6QhwWFrOSuKf/NYrYZ3F4As/F6GXfHsOYj6UuuRPWktwR74K4XfwPfQB4eQYfb/jBoCCZlxHo6lJ/eAZ7TONd2o+7Pa/ZFYMU/O7Mp
lFc1MncPgvygqUvyWrCuG2qKnKIOObTynQ01GE/JhPshynwoNIb+aBmBjpdk2mO+/tkiooO6ff4igrt+X1WT0bH90btVgYsnfMBUFN4FJrM2
Jg/ehxRyhLx96VmmuMC6TB4h+9hkUpC9Xts7Pm4gNoIEeCOl7H827rn+JG1wSuEex27YBjn2zaEJcWuJA/MXRfH3RuS2fMwxPLMs
0vjLFWn62nvvdLEI9otgfh4j8dhhXI69Xts7Pm4gNoIEeCOl7H827rn+JG1wSuEex27YBjn2zaEJcWuJA/MXRfH3RuS2fMwxPLMs
K/9DgczPlWuFSZ3gylgkgwzc6sBAHmnCzn9WgIdLK1AYT3zB0MmwYFu1y5mEXF6f+wHGZpxaFkuokBKye7whoM/Cz0C3nN9l+k9owzs5szc=
RTqkjGyzYSe77MLQqCk4vikJk6xj0mstC2oMQXTD7N9ACn+Lk2vImp7FD29uxACshsEsDuog1xpBWpsMBwJLyu9PnrFw8Tc/sy0=
ADaLgUbZKMqb9w1cQ3VsMEUPYaPd1bDIaeFdakKL2gt9DMN9WDq54gOpfqZ7zgRuzaYZGUWxJ3FXIyNtLZe6jKJM+CkwsyA=
7FT+EDnXs4j7OIoRpjpmYkUPYaPd1bDIaeVfZEKL2gt9DMN9WDq54gOpfqZ7zgRuzaYZGUWxJ3FXIyNtLZe6jKJM+CkwsyA=
cdnYgejywkNISlBRyIG0AFERc8gl73rb7OgTBIOgaT0WlcoBFLYbI2E2Nn+gjGJWI3Dh9Ce+X8QPML+RspNY5yM1syM=
zoCOrnaieAzYZa3Q8lADYqEahWA/2hgMJl9CnmQPVTToigaWsltpXijLPIH3NoFWLSPWtdPWyMaBvdWgikVdEFlB+WLEqCc2+LZLQhErKnQFXCPXCX9ZEnF1hJkLTtRO3WaJuBGx9hHH4zMNfRcK7JKMSEkAsxA=
ehE/hNVUguTyxUunANGeGZqu3oKfs13HyERYs7JFnIjKwBttRuMg5EaJ3HYKuEWUwd8LlGf6OwKvh66JUOknN7Ml
lEU7Xd4JoBIaQ2T1y+hZGBtT9ahUO2vD/8Bx81jnAqGuuUU2qKgAfwLpBARKTIPB9i94CCZlxHo6lJ3YAZPTONd2o+7Pa/ZFYMU/O7Mp
EHuk9SaaP0VB5EA5UI5G6lYy5vlbXLkU2rTt7e7p2Ew1Jm+x7KKvZSc5GVqnF3YnMcO3s3IfeNas5Ypf4FYKop/LDgksypb7SMBSQlmqIZ2vEg8wFwxf1RofKDMbKbMH
7FoR2GfDLWPChT8rNh4+4lo47Mk0EPX7WIJ8dzIrNIBCMCWy7H4AqqOqKWlqQv4Ox27YBjn2zaQPcWaJA/MXRfH3RuS2fMwxPLMs
sViybjoSvk+uIKlg9efub1Yy5vlbXLkU2rTt7e7p2Ew1Jm+x7KKvZSc5GVqnF3YnMcO3s3IfeNas5Ypf4FYKop/LDgksypb7SMBSQl6qIZ2vEg8wFwxf1RofKDMbKbMH
L7BmN1XJF71bC9iGZGD53Fo47Mk0EPX7WIJ8dzIrNIBCMCWy7H4AqqOqKWlqQv4Ox27YBjn2zaYOcWaJA/MXRfH3RuS2fMwxPLMs
hjZFISFUq7zU48NGGEnAR1Yy5/lbXLkU2rTt7e7p2Ew1Jm+x7KKvZSc5GVqnF3YnMcO3s3IfeNas5Ypf4FYKop/LDgksypb7SMBSQlyrIZ2vEg8wFwxf1RofKDMbKbMH
2YTE9r5m7fea4jl0Nf3up1o47Mk0EPX7WIJ8dzIrNIBCMCWy7H4AqqOqKWlqQv4Ox27YBjn2zaEJcWaJA/MXRfH3RuS2fMwxPLMs
QamLPLLBRX09IxKmHnyqR1Yy5vlbXLkU2rTt7e7p2Ew1Jm+x7KKvZSc5GVqnF3YnMcO3s3IfeNas5Ypf4FYKop/LDgksypb7SMBSQlusIZ2vEg8wFwxf1RofKDMbKbMH
YnIudhvzbxbmJabBv0w7eFo47Mk0EPX7WIJ8dzIrNIBCMCWy7H4AqqOqKWlqQv4Ox27YBjn2zacJcWaJA/MXRfH3RuS2fMwxPLMs
agS5BJjcVTuweYN6ZVCQwFYy5flbXLkU2rTt7e7p2Ew1Jm+x7KKvZSc5GVqnF3YnMcO3s3IfeNas5Ypf4FYKop/LDgksypb7SMBSQl2sIZ2vEg8wFwxf1RofKDMbKbMH
tEREoQzFuku9FpYhcvi2OVo47Mk0EPX7WIJ8dzIrNIBCMCWy7H4AqqOqKWlqQv4Ox27YBjn2zaQJcWaJA/MXRfH3RuS2fMwxPLMs
Fac6UY+jSf6wVw8/H2qIXVYy5/lbXLkU2rTt7e7p2Ew1Jm+x7KKvZSc5GVqnF3YnMcO3s3IfeNas5Ypf4FYKop/LDgksypb7SMBSQl6sIZ2vEg8wFwxf1RofKDMbKbMH
eQTcgAAlVk3Y/FA4GoDGDaEahWA/2hgMJl9CnmQPVTToigaWsltpXijLPIH3NoFWLSPWtdPWyMaBvdWgikVdEFlB+WLEqCc2+LZLQhErKnQFXCPTAGheEnF1hJkLTtRO3WaJuBOx9hDH4zMNfRcK7JKMSEkAsxA=
0Wf+Yi0/998Y2jDD1ZVuc5qu3oKfs13H0kJYr6pEnIjK2h1tWvsh5EaJ3HYKuEKVwdAKlGf6OwKvh66JUOknN7Ml
fdCDomnUINITWxAi7o9WzRtT9ahUO2vD/8Bx81jnAqGuuUU2sq4AYxroBARKVoXB6jd5CCZlxHo6lJrZAZzSONd2o+7Pa/ZFYMU/O7Mp
Xtik0jPJdGdsEXR0ABnPhFcy5/lbXLkU2rTt7e7p2Ew1Jm+x7KKvZSc5GVqnF3YnMcO3s3IfYtCs+ZJe4FYKuJnLEhEtypb7SMBSQl6rIZKuEg8wFwxf1RofKDMbKbMH
jlqhSnwWIxD/HyRgKMVKR0pkJH2bwH6ZnVKJ9N5L+0LeDXr6+JK0lM/Zk/mlUQdpL3EEhZSQVbt4ghw30qtUQGIqA3JQ5uFqw6rTLwreRk/nbvhG2XatauhxSUijc7eFkfempNb8bHEcsww=
2DbZ6pu6MsztcT0YoSFAbUpkJH2bwH6ZnVKJ9N5L+0LfDXr6+JK0lM/Zk/mlUQdpL3EEhZSQVbt4ghw30qtUQGIqA3JQ5uFqw6rTLwreRk/nbvhG2Xata+xxSEijc7eFkfempNb8bHEcsww=
/bKjB01DUwC4KUEEseoPnVo47Mk0EPX7WIJ8dzIrNIBCKiOy8GYBqqOqM29qXuYPx27YBjn2zacPcWaIA/MXRfH3RuS2fMwxPLMs
wWoAb5unlnVTfCC5Oz3H2Vcy5/lbXLkU2rTt7e7p2Ew1Jm+x7KKvZSc5GVqnF3YnMcO3s3IfYtCs+ZJe4FYKuJnLEhEtypb7SMBSQl2qIZ2uEg8wFwxf1RofKDMbKbMH
3xMLhCJqZlt6qvLBoGPiK1o47Mk0EPX7WIJ8dzIrNIBCKiOy8GYBqqOqM29qXuYPx27YBjn2zaEIcWaIA/MXRfH3RuS2fMwxPLMs
bWhB9ld418fa+iPNseQtslcy5vlbXLkU2rTt7e7p2Ew1Jm+x7KKvZSc5GVqnF3YnMcO3s3IfYtCs+ZJe4FYKuJnLEhEtypb7SMBSQlutIZ2uEg8wFwxf1RofKDMbKbMH
B1v+wR2O21iFPFQcLOlivvaBMh6goCIMhh2zHP71CQumWRxyFt61hbY5BFoNApvl0A+DgdwVXdQO2FYdOsaoh7PCm2Jaa16EScHIYOZNtELazMU3gfIF4LdOU8aPg0Y9wB1vE7MB
vF+9wpis3uMH4H9Y70T1B5dW/wLJQ/Agt/t9Y47JX//n+zo6kycYSx8uYLZhFqVbgPHnP6tTzzUJt560jlzkITSzJA==
K4FSdJcFlfvJUFzaS8aXi1o47Mk0EPX7WIJ8dzIrNIBCKiOy8GYBqqOqM29qXuYPx27YBjn2zaoPcW6PA/MXRfH3RuS2fMwxPLMs
qguFAiHKecXq1jNqgnyG2Vcy5vlbXLkU2rTt7e7p2Ew1Jm+x7KKvZSc5GVqnF3YnMcO3s3IfYtCs+ZJe4FYKuJnLEhEtypb7SMBSQlCqIZWpEg8wFwxf1RofKDMbKbMH
9EHfGDpefEIRJHhhSP0vEuz03G1Q2f6wR0ZJ7KTRJL45ETLTGd+ntwozgoTkBSI6eNqKDHGXQtUVprbvQPyiZgJg4eEBjp+076A/AdJjGNcDJbMz
fHYVTKTsRPqJcdB0nH/r4Fo47Mk0EPX7WIJ8dzIrNIBCKiOy8GYBqqOqM29qXuYPx27YBjn2zaINcW2PA/MXRfH3RuS2fMwxPLMs
yhGcoAMNCRMhK9TVbcSdlFcy5vlbXLkU2rTt7e7p2Ew1Jm+x7KKvZSc5GVqnF3YnMcO3s3IfYtCs+ZJe4FYKuJnLEhEtypb7SMBSQlioIZapEg8wFwxf1RofKDMbKbMH
UGttnDfViLaoqozuC7j/2PaBMh6goCIMhh2zHP71CQumWRxyFt61hbY5BFoNApvl0A+DgdwVXdQO2FYdOsaoh7PCm2Jaa16EScHIYOZNtELazMsygfAF4LdOU8aPg0Y9wB1vE7MB
d2V0Qks8KPWwYCTMnjXpVpdW/wLJQ/Agt/t9Y47JX//n+zo6kycYSx8uYLZhFqVVhfHlP6tTzzUJt560jlzkITSzJA==
fkbmosAiKTee+e8apLWbhPaBMh6goCIMhh2zHP71CQumWRxyFt61hbY5BFoNApvl0A+DgdwVXdQO2FYdOsaoh7PCm2Jaa16EScHIYOZNtELazM8zgfAF4LdOU8aPg0Y9wB1vE7MB
dpBU4W3fKXq/8n2mLxTa3pdW/wLJQ/Agt/t9Y47JX//n+zo6kycYSx8uYLZhFqVRhPHlP6tTzzUJt560jlzkITSzJA==
c4YpINNjexea4ZqamuE0cp02cb0GXJZ0xhk8BsroYqfB5C1EJwpbki8XDjmQucdHs1U=
BUhailXSBgxFZLV9zXLK9Vfdnnpul4RU+OeacarC4VOETvYHUPSCLtYNYYrRxr+8/0h/6ULruJ/TTbNb
caW0s4nL+HNKYB19y7qRc6r2Cve4nUup3QF9VxNGBT56krNeZ+A+UV+LKdtdkVNnxHDctIbVTrNe
